{
  "uid" : "223666beb2273097",
  "name" : "test_03",
  "fullName" : "TestCase.test_func01#test_03",
  "historyId" : "3178448805043da38f6850ec6bb6ea98",
  "time" : {
    "start" : 1652499812054,
    "stop" : 1652499812055,
    "duration" : 1
  },
  "status" : "failed",
  "statusMessage" : "AssertionError: assert (2 + 1) == 4",
  "statusTrace" : "def test_03():\n>       assert 2 +1 == 4\nE       assert (2 + 1) == 4\n\ntest_func01.py:13: AssertionError",
  "flaky" : false,
  "newFailed" : false,
  "beforeStages" : [ ],
  "afterStages" : [ ],
  "labels" : [ {
    "name" : "parentSuite",
    "value" : "TestCase"
  }, {
    "name" : "suite",
    "value" : "test_func01"
  }, {
    "name" : "host",
    "value" : "LAPTOP-RGTS8N0G"
  }, {
    "name" : "thread",
    "value" : "1904-MainThread"
  }, {
    "name" : "framework",
    "value" : "pytest"
  }, {
    "name" : "language",
    "value" : "cpython3"
  }, {
    "name" : "package",
    "value" : "TestCase.test_func01"
  }, {
    "name" : "resultFormat",
    "value" : "allure2"
  } ],
  "parameters" : [ ],
  "links" : [ ],
  "hidden" : false,
  "retry" : false,
  "extra" : {
    "severity" : "normal",
    "retries" : [ ],
    "categories" : [ {
      "name" : "Product defects",
      "matchedStatuses" : [ ],
      "flaky" : false
    } ],
    "tags" : [ ]
  },
  "source" : "223666beb2273097.json",
  "parameterValues" : [ ]
}