{"name": "login01", "status": "failed", "statusDetails": {"message": "AssertionError: assert (3 + 1) == 9", "trace": "self = <study.StudyPytest.TestCase.test_func01.TestLogin object at 0x00000153333B3640>\na = 3, b = 9\n\n    @allure.story('登录login01')#二级标签\n    @allure.title('login01')#标题\n    @pytest.mark.parametrize('a,b',[(1,2),(2,3),(3,9)])  #('变量名',[1,2,3])\n    def test_login01(self,a,b):\n        print('----test_login01-----')\n>       assert a + 1 == b\nE       assert (3 + 1) == 9\n\ntest_func01.py:27: AssertionError"}, "parameters": [{"name": "a", "value": "3"}, {"name": "b", "value": "9"}], "start": 1652499812140, "stop": 1652499812141, "uuid": "def90d11-d5b8-418d-abb0-3b89407e4cdf", "historyId": "e66c5f70506aad8f11b97633f5da6048", "testCaseId": "203b5863f5ced451f23281c530a04430", "fullName": "TestCase.test_func01.TestLogin#test_login01", "labels": [{"name": "story", "value": "登录login01"}, {"name": "feature", "value": "登录模块"}, {"name": "parentSuite", "value": "TestCase"}, {"name": "suite", "value": "test_func01"}, {"name": "subSuite", "value": "TestLogin"}, {"name": "host", "value": "LAPTOP-RGTS8N0G"}, {"name": "thread", "value": "1904-MainThread"}, {"name": "framework", "value": "pytest"}, {"name": "language", "value": "cpython3"}, {"name": "package", "value": "TestCase.test_func01"}]}